TOOL:	xrun	20.09-s012: Started on Jun 14, 2022 at 02:14:03 EDT
irun
	-access +rwc
	+fsmdebug
	-disable_sem2009
	-timescale 1ns/1ns
	-incdir ../rtl/
	-incdir ../tb/
	-sv
	../rtl_new/fadd_sub.v
	../rtl_new/faxi_slv_lte.v
	../rtl_new/fcast.v
	../rtl_new/fcomp.v
	../rtl_new/fmul_div.v
	../rtl_new/fpu_control.v
	../rtl_new/fpu_dec.v
	../rtl_new/fpu_enc.v
	../rtl_new/fpu_top.v
	../rtl_new/fround.v
	-sysv
	../tb/fpu_top_tb_new.sv
	-covfile coverage/fpu_top_cov.ccf
	-input script/fpu_top_tb_new.tcl
	-coverage A
	-covdut fpu_top_tb_new
	-covoverwrite
	-covtest fpu_top_tb_new_test
	-date
	-clean
	-nocopyright
	-nohistory
	-stats
xrun: *N,CLEAN: Removing existing directory ./xcelium.d.

Running xmvlog on:  Jun 14, 2022 at 02:14:03
xmvlog: *W,NOTIND: unable to access -INCDIR ../rtl/ (No such file or directory).
file: ../rtl_new/fadd_sub.v
	module worklib.fadd_sub:v
		errors: 0, warnings: 0
file: ../rtl_new/faxi_slv_lte.v
	module worklib.faxi_slv_lte:v
		errors: 0, warnings: 0
file: ../rtl_new/fcast.v
	module worklib.fcast:v
		errors: 0, warnings: 0
file: ../rtl_new/fcomp.v
	module worklib.fcomp:v
		errors: 0, warnings: 0
file: ../rtl_new/fmul_div.v
	module worklib.fmul_div:v
		errors: 0, warnings: 0
file: ../rtl_new/fpu_control.v
	module worklib.fpu_control:v
		errors: 0, warnings: 0
file: ../rtl_new/fpu_dec.v
	module worklib.fpu_dec:v
		errors: 0, warnings: 0
file: ../rtl_new/fpu_enc.v
	module worklib.fpu_enc:v
		errors: 0, warnings: 0
file: ../rtl_new/fpu_top.v
	module worklib.fpu_top:v
		errors: 0, warnings: 0
file: ../rtl_new/fround.v
	module worklib.fround:v
		errors: 0, warnings: 0
file: ../tb/fpu_top_tb_new.sv
	module worklib.fpu_top_tb_new:sv
		errors: 0, warnings: 0
xmvlog: *W,SPDUSD: Include directory ../tb/ given but not used.
	Total errors/warnings found outside modules and primitives:
		errors: 0, warnings: 2

Running xmelab on:  Jun 14, 2022 at 02:14:04
		Caching library 'worklib' ....... Done
	Elaborating the design hierarchy:
	Top level design units:
		fpu_top_tb_new

	Extracting FSMs for coverage:
		worklib.faxi_slv_lte
			FSM extracted for state register axi_state
		worklib.fpu_dec
			FSM extracted for state register dec_state
		worklib.fpu_control
			FSM extracted for state register fpu_state
		worklib.fround
			FSM extracted for state register fround_state
		worklib.fcast
			FSM extracted for state register fcast_state
		worklib.fadd_sub
			FSM extracted for state register faddsub_state
		worklib.fmul_div
			FSM extracted for state register fmuldiv_state
		worklib.fcomp
			FSM extracted for state register fcomp_state
		worklib.fpu_enc
			FSM extracted for state register enc_state
		worklib.fpu_top
		worklib.fpu_top_tb_new
	Total FSMs extracted = 9
	Building instance overlay tables: .................... Done
	Enabling instrumentation for coverage types: block expression FSM toggle functional
	Generating native compiled code:
		worklib.fpu_enc:v <0x3a78c565>
			streams:  24, words: 26422
		worklib.fcomp:v <0x45babad9>
			streams:  10, words: 11333
		worklib.fmul_div:v <0x7904b391>
			streams:  41, words: 64255
		worklib.fadd_sub:v <0x7f5b88fb>
			streams:  26, words: 37725
		worklib.fcast:v <0x719f7f14>
			streams:  15, words: 17129
		worklib.fround:v <0x626d6863>
			streams:  15, words: 24566
		worklib.fpu_control:v <0x4176b654>
			streams:   7, words:  6703
		worklib.fpu_dec:v <0x3203e16b>
			streams:  23, words: 46595
		worklib.faxi_slv_lte:v <0x3fda3f5e>
			streams:  29, words: 24788
		worklib.fpu_top:v <0x410c264b>
			streams:  13, words:  7250
		worklib.fpu_top_tb_new:sv <0x21fcbdc4>
			streams:  38, words: 45933
	Building instance specific data structures.
	Loading native compiled code:     .................... Done
	Design hierarchy summary:
		                 Instances  Unique
		Modules:                11      11
		Registers:             135     135
		Scalar wires:          103       -
		Vectored wires:         65       -
		Always blocks:          34      34
		Initial blocks:          2       2
		Cont. assignments:      54      96
		Pseudo assignments:     21      21
		Simulation timescale:  1ns
	Writing initial simulation snapshot: worklib.fpu_top_tb_new:sv

Running xmsim on:  Jun 14, 2022 at 02:14:04
Loading snapshot worklib.fpu_top_tb_new:sv .................... Done
xcelium> source /apps/cds/xcelium2009/tools/xcelium/files/xmsimrc
xcelium> 
xcelium> # Setting simulation configurations to generate database & probe signals
xcelium> database -open fpu_top_tb_new -shm -event -into wave_database/fpu_top_tb_new.shm
Created SHM database fpu_top_tb_new
xcelium> probe -create fpu_top_tb_new -depth all -all -memories -all -variables -tasks -functions -shm -database fpu_top_tb_new
Created probe 1
xcelium> run

*********************************************************************************************

	OPERAND_1:: 4.50000000000000000000000000000000000000000000000000
	OPERAND_2:: 2.00000000000000000000000000000000000000000000000000

OPERAND_REG1 PROGRAMMED
----------------------------------------------------------------------------------------------------------
Write Address:: 0000ff00 	Write Data::	01000000100100000000000000000000 	@time 75 

OPERAND_REG2 PROGRAMMED
----------------------------------------------------------------------------------------------------------
Write Address:: 0000ff01 	Write Data::	01000000000000000000000000000000 	@time 135 

FRM_OPCD_REG PROGRAMMED ----->> INSTR_ROUND_MODE:: RTZ 	OPCODE:: FMUL
----------------------------------------------------------------------------------------------------------
Write Address:: 0000ff02 	Write Data::	00000000000000000000000000100101 	@time 195 

FCSR PROGRAMMED ------------->> STATIC_ROUND_MODE:: RTZ
----------------------------------------------------------------------------------------------------------
Write Address:: 0000ff03 	Write Data::	00000000000000000000000000100000 	@time 255 

----------------------------------------FPU ENABLED (@time 285)----------------------------------------
			***************************************************** 
			***************************************************** 
------------------------------------FPU OPERATION COMPLETED (@time 515)----------------------------------

FCSR READ ------------------->> NO FLAG ASSERTED
------------------------------------------------------------------------------
Read Address:: 0000ff03 	Read Data::	00000000000000000000000000000000 	@time 545

FRES_REG READ --------------->> RESULT OF FLOATING POINT MULTIPLICATION
----------------------------------------------------------------------------------------
Read Address:: 0000ff04 	Read Data::	01000001000100000000000000000000 	@time 595

	FPU RESULT:: 9.00000000000000000000000000000000000000000000000000


*********************************************************************************************



*********************************************************************************************

	OPERAND_1:: 3.50000000000000000000000000000000000000000000000000
	OPERAND_2:: 0.00000000000000000000000000000000000000000000000000

OPERAND_REG1 PROGRAMMED
----------------------------------------------------------------------------------------------------------
Write Address:: 0000ff00 	Write Data::	01000000011000000000000000000000 	@time 645 

OPERAND_REG2 PROGRAMMED
----------------------------------------------------------------------------------------------------------
Write Address:: 0000ff01 	Write Data::	00000000000000000000000000000000 	@time 705 

FRM_OPCD_REG PROGRAMMED ----->> INSTR_ROUND_MODE:: RTZ 	OPCODE:: FDIV
----------------------------------------------------------------------------------------------------------
Write Address:: 0000ff02 	Write Data::	00000000000000000000000000100110 	@time 765 

FCSR PROGRAMMED ------------->> STATIC_ROUND_MODE:: RTZ
----------------------------------------------------------------------------------------------------------
Write Address:: 0000ff03 	Write Data::	00000000000000000000000000100000 	@time 825 

----------------------------------------FPU ENABLED (@time 855)----------------------------------------
			***************************************************** 
			***************************************************** 
------------------------------------FPU OPERATION COMPLETED (@time 915)----------------------------------

FCSR READ ------------------->> NaN FLAG ASSERTED
------------------------------------------------------------------------------
Read Address:: 0000ff03 	Read Data::	00000000000000000000000000010000 	@time 945

FRES_REG READ --------------->> RESULT OF FLOATING POINT DIVISION
----------------------------------------------------------------------------------------
Read Address:: 0000ff04 	Read Data::	01111111110000000000000000000000 	@time 995

	FPU RESULT:: nan


*********************************************************************************************



*********************************************************************************************

	OPERAND_1:: 3.50000000000000000000000000000000000000000000000000
	OPERAND_2:: 3.45889997482299804687500000000000000000000000000000

OPERAND_REG1 PROGRAMMED
----------------------------------------------------------------------------------------------------------
Write Address:: 0000ff00 	Write Data::	01000000011000000000000000000000 	@time 1045 

OPERAND_REG2 PROGRAMMED
----------------------------------------------------------------------------------------------------------
Write Address:: 0000ff01 	Write Data::	01000000010111010101111010011110 	@time 1105 

FRM_OPCD_REG PROGRAMMED ----->> INSTR_ROUND_MODE:: RTZ 	OPCODE:: FDIV
----------------------------------------------------------------------------------------------------------
Write Address:: 0000ff02 	Write Data::	00000000000000000000000000100110 	@time 1165 

FCSR PROGRAMMED ------------->> STATIC_ROUND_MODE:: RTZ
----------------------------------------------------------------------------------------------------------
Write Address:: 0000ff03 	Write Data::	00000000000000000000000000100000 	@time 1225 

----------------------------------------FPU ENABLED (@time 1255)----------------------------------------
			***************************************************** 
			***************************************************** 
------------------------------------FPU OPERATION COMPLETED (@time 1625)----------------------------------

FCSR READ ------------------->> NO FLAG ASSERTED
------------------------------------------------------------------------------
Read Address:: 0000ff03 	Read Data::	00000000000000000000000000000000 	@time 1655

FRES_REG READ --------------->> RESULT OF FLOATING POINT DIVISION
----------------------------------------------------------------------------------------
Read Address:: 0000ff04 	Read Data::	00111111100000011000010101011100 	@time 1705

	FPU RESULT:: 1.01188230514526367187500000000000000000000000000000


*********************************************************************************************



*********************************************************************************************

	OPERAND_1:: 3.79999995231628417968750000000000000000000000000000
	OPERAND_2:: 0.30000001192092895507812500000000000000000000000000

OPERAND_REG1 PROGRAMMED
----------------------------------------------------------------------------------------------------------
Write Address:: 0000ff00 	Write Data::	01000000011100110011001100110011 	@time 1755 

OPERAND_REG2 PROGRAMMED
----------------------------------------------------------------------------------------------------------
Write Address:: 0000ff01 	Write Data::	00111110100110011001100110011010 	@time 1815 

FRM_OPCD_REG PROGRAMMED ----->> INSTR_ROUND_MODE:: DRM 	OPCODE:: FSUB
----------------------------------------------------------------------------------------------------------
Write Address:: 0000ff02 	Write Data::	00000000000000000000000011100100 	@time 1875 

FCSR PROGRAMMED ------------->> STATIC_ROUND_MODE:: RUP
----------------------------------------------------------------------------------------------------------
Write Address:: 0000ff03 	Write Data::	00000000000000000000000001100000 	@time 1935 

----------------------------------------FPU ENABLED (@time 1965)----------------------------------------
			***************************************************** 
			***************************************************** 
------------------------------------FPU OPERATION COMPLETED (@time 2085)----------------------------------

FCSR READ ------------------->> NO FLAG ASSERTED
------------------------------------------------------------------------------
Read Address:: 0000ff03 	Read Data::	00000000000000000000000000000000 	@time 2115

FRES_REG READ --------------->> RESULT OF FLOATING POINT SUBTRACTION
----------------------------------------------------------------------------------------
Read Address:: 0000ff04 	Read Data::	01000000011000000000000000000000 	@time 2165

	FPU RESULT:: 3.50000000000000000000000000000000000000000000000000


*********************************************************************************************



*********************************************************************************************

	OPERAND_1:: 3.98765110969543457031250000000000000000000000000000
	OPERAND_2:: -87.65218353271484375000000000000000000000000000000000

OPERAND_REG1 PROGRAMMED
----------------------------------------------------------------------------------------------------------
Write Address:: 0000ff00 	Write Data::	01000000011111110011010110101101 	@time 2215 

OPERAND_REG2 PROGRAMMED
----------------------------------------------------------------------------------------------------------
Write Address:: 0000ff01 	Write Data::	11000010101011110100110111101011 	@time 2275 

FRM_OPCD_REG PROGRAMMED ----->> INSTR_ROUND_MODE:: DRM 	OPCODE:: FDIV
----------------------------------------------------------------------------------------------------------
Write Address:: 0000ff02 	Write Data::	00000000000000000000000011100110 	@time 2335 

FCSR PROGRAMMED ------------->> STATIC_ROUND_MODE:: RNE
----------------------------------------------------------------------------------------------------------
Write Address:: 0000ff03 	Write Data::	00000000000000000000000000000000 	@time 2395 

----------------------------------------FPU ENABLED (@time 2425)----------------------------------------
			***************************************************** 
			***************************************************** 
------------------------------------FPU OPERATION COMPLETED (@time 2795)----------------------------------

FCSR READ ------------------->> NO FLAG ASSERTED
------------------------------------------------------------------------------
Read Address:: 0000ff03 	Read Data::	00000000000000000000000000000000 	@time 2825

FRES_REG READ --------------->> RESULT OF FLOATING POINT DIVISION
----------------------------------------------------------------------------------------
Read Address:: 0000ff04 	Read Data::	10111101001110100101011111110010 	@time 2875

	FPU RESULT:: -0.04549402743577957153320312500000000000000000000000


*********************************************************************************************



*********************************************************************************************

	OPERAND_1:: 0.00379720097407698631286621093750000000000000000000
	OPERAND_2:: 78727280.00000000000000000000000000000000000000000000000000

OPERAND_REG1 PROGRAMMED
----------------------------------------------------------------------------------------------------------
Write Address:: 0000ff00 	Write Data::	00111011011110001101101001110110 	@time 2925 

OPERAND_REG2 PROGRAMMED
----------------------------------------------------------------------------------------------------------
Write Address:: 0000ff01 	Write Data::	01001100100101100010100100001110 	@time 2985 

FRM_OPCD_REG PROGRAMMED ----->> INSTR_ROUND_MODE:: RMM 	OPCODE:: FMUL
----------------------------------------------------------------------------------------------------------
Write Address:: 0000ff02 	Write Data::	00000000000000000000000010000101 	@time 3045 

FCSR PROGRAMMED ------------->> STATIC_ROUND_MODE:: RTZ
----------------------------------------------------------------------------------------------------------
Write Address:: 0000ff03 	Write Data::	00000000000000000000000000100000 	@time 3105 

----------------------------------------FPU ENABLED (@time 3135)----------------------------------------
			***************************************************** 
			***************************************************** 
------------------------------------FPU OPERATION COMPLETED (@time 3365)----------------------------------

FCSR READ ------------------->> NO FLAG ASSERTED
------------------------------------------------------------------------------
Read Address:: 0000ff03 	Read Data::	00000000000000000000000000000000 	@time 3395

FRES_REG READ --------------->> RESULT OF FLOATING POINT MULTIPLICATION
----------------------------------------------------------------------------------------
Read Address:: 0000ff04 	Read Data::	01001000100100011111011111101010 	@time 3445

	FPU RESULT:: 298943.31250000000000000000000000000000000000000000000000


*********************************************************************************************



*********************************************************************************************

	OPERAND_1:: 0.00000000000000000000000000000000000000000000000000
	OPERAND_2:: 2351.43676757812500000000000000000000000000000000000000

OPERAND_REG1 PROGRAMMED
----------------------------------------------------------------------------------------------------------
Write Address:: 0000ff00 	Write Data::	00000000000000000000000000000000 	@time 3495 

OPERAND_REG2 PROGRAMMED
----------------------------------------------------------------------------------------------------------
Write Address:: 0000ff01 	Write Data::	01000101000100101111011011111101 	@time 3555 

FRM_OPCD_REG PROGRAMMED ----->> INSTR_ROUND_MODE:: RMM 	OPCODE:: FMUL
----------------------------------------------------------------------------------------------------------
Write Address:: 0000ff02 	Write Data::	00000000000000000000000010000101 	@time 3615 

FCSR PROGRAMMED ------------->> STATIC_ROUND_MODE:: RTZ
----------------------------------------------------------------------------------------------------------
Write Address:: 0000ff03 	Write Data::	00000000000000000000000000100000 	@time 3675 

----------------------------------------FPU ENABLED (@time 3705)----------------------------------------
			***************************************************** 
			***************************************************** 
------------------------------------FPU OPERATION COMPLETED (@time 3935)----------------------------------

FCSR READ ------------------->> ZERO FLAG ASSERTED
------------------------------------------------------------------------------
Read Address:: 0000ff03 	Read Data::	00000000000000000000000000000001 	@time 3965

FRES_REG READ --------------->> RESULT OF FLOATING POINT MULTIPLICATION
----------------------------------------------------------------------------------------
Read Address:: 0000ff04 	Read Data::	00000000000000000000000000000000 	@time 4015

	FPU RESULT:: 0.00000000000000000000000000000000000000000000000000


*********************************************************************************************



*********************************************************************************************

	OPERAND_1:: 0.98284834623336791992187500000000000000000000000000
	OPERAND_2:: 0.00177372002508491277694702148437500000000000000000

OPERAND_REG1 PROGRAMMED
----------------------------------------------------------------------------------------------------------
Write Address:: 0000ff00 	Write Data::	00111111011110111001101111110011 	@time 4065 

OPERAND_REG2 PROGRAMMED
----------------------------------------------------------------------------------------------------------
Write Address:: 0000ff01 	Write Data::	00111010111010000111110000101011 	@time 4125 

FRM_OPCD_REG PROGRAMMED ----->> INSTR_ROUND_MODE:: RMM 	OPCODE:: FSUB
----------------------------------------------------------------------------------------------------------
Write Address:: 0000ff02 	Write Data::	00000000000000000000000010000100 	@time 4185 

FCSR PROGRAMMED ------------->> STATIC_ROUND_MODE:: RTZ
----------------------------------------------------------------------------------------------------------
Write Address:: 0000ff03 	Write Data::	00000000000000000000000000100000 	@time 4245 

----------------------------------------FPU ENABLED (@time 4275)----------------------------------------
			***************************************************** 
			***************************************************** 
------------------------------------FPU OPERATION COMPLETED (@time 4395)----------------------------------

FCSR READ ------------------->> NO FLAG ASSERTED
------------------------------------------------------------------------------
Read Address:: 0000ff03 	Read Data::	00000000000000000000000000000000 	@time 4425

FRES_REG READ --------------->> RESULT OF FLOATING POINT SUBTRACTION
----------------------------------------------------------------------------------------
Read Address:: 0000ff04 	Read Data::	00111111011110110010011110110101 	@time 4475

	FPU RESULT:: 0.98107463121414184570312500000000000000000000000000


*********************************************************************************************



*********************************************************************************************

	OPERAND_1:: 698989888.00000000000000000000000000000000000000000000000000
	OPERAND_2:: 0.00000000002728728007439507052822591504082083702087

OPERAND_REG1 PROGRAMMED
----------------------------------------------------------------------------------------------------------
Write Address:: 0000ff00 	Write Data::	01001110001001101010011011110101 	@time 4525 

OPERAND_REG2 PROGRAMMED
----------------------------------------------------------------------------------------------------------
Write Address:: 0000ff01 	Write Data::	00101101111100000000010101111110 	@time 4585 

FRM_OPCD_REG PROGRAMMED ----->> INSTR_ROUND_MODE:: RUP 	OPCODE:: FSUB
----------------------------------------------------------------------------------------------------------
Write Address:: 0000ff02 	Write Data::	00000000000000000000000001100100 	@time 4645 

FCSR PROGRAMMED ------------->> STATIC_ROUND_MODE:: RMM
----------------------------------------------------------------------------------------------------------
Write Address:: 0000ff03 	Write Data::	00000000000000000000000010000000 	@time 4705 

----------------------------------------FPU ENABLED (@time 4735)----------------------------------------
			***************************************************** 
			***************************************************** 
------------------------------------FPU OPERATION COMPLETED (@time 4855)----------------------------------

FCSR READ ------------------->> NO FLAG ASSERTED
------------------------------------------------------------------------------
Read Address:: 0000ff03 	Read Data::	00000000000000000000000000000000 	@time 4885

FRES_REG READ --------------->> RESULT OF FLOATING POINT SUBTRACTION
----------------------------------------------------------------------------------------
Read Address:: 0000ff04 	Read Data::	01001110001001101010011011110101 	@time 4935

	FPU RESULT:: 698989888.00000000000000000000000000000000000000000000000000


*********************************************************************************************



*********************************************************************************************

	OPERAND_1:: 3481.90356445312500000000000000000000000000000000000000
	OPERAND_2:: -32.98101043701171875000000000000000000000000000000000

OPERAND_REG1 PROGRAMMED
----------------------------------------------------------------------------------------------------------
Write Address:: 0000ff00 	Write Data::	01000101010110011001111001110101 	@time 4985 

OPERAND_REG2 PROGRAMMED
----------------------------------------------------------------------------------------------------------
Write Address:: 0000ff01 	Write Data::	11000010000000111110110010001110 	@time 5045 

FRM_OPCD_REG PROGRAMMED ----->> INSTR_ROUND_MODE:: DRM 	OPCODE:: FADD
----------------------------------------------------------------------------------------------------------
Write Address:: 0000ff02 	Write Data::	00000000000000000000000011100011 	@time 5105 

FCSR PROGRAMMED ------------->> STATIC_ROUND_MODE:: RNE
----------------------------------------------------------------------------------------------------------
Write Address:: 0000ff03 	Write Data::	00000000000000000000000000000000 	@time 5165 

----------------------------------------FPU ENABLED (@time 5195)----------------------------------------
			***************************************************** 
			***************************************************** 
------------------------------------FPU OPERATION COMPLETED (@time 5315)----------------------------------

FCSR READ ------------------->> NO FLAG ASSERTED
------------------------------------------------------------------------------
Read Address:: 0000ff03 	Read Data::	00000000000000000000000000000000 	@time 5345

FRES_REG READ --------------->> RESULT OF FLOATING POINT ADDITION
----------------------------------------------------------------------------------------
Read Address:: 0000ff04 	Read Data::	01000101010101111000111011000011 	@time 5395

	FPU RESULT:: 3448.92260742187500000000000000000000000000000000000000


*********************************************************************************************



*********************************************************************************************

	OPERAND_1:: -2430.81982421875000000000000000000000000000000000000000
	OPERAND_2:: -2431.96752929687500000000000000000000000000000000000000

OPERAND_REG1 PROGRAMMED
----------------------------------------------------------------------------------------------------------
Write Address:: 0000ff00 	Write Data::	11000101000101111110110100011110 	@time 5445 

OPERAND_REG2 PROGRAMMED
----------------------------------------------------------------------------------------------------------
Write Address:: 0000ff01 	Write Data::	11000101000101111111111101111011 	@time 5505 

FRM_OPCD_REG PROGRAMMED ----->> INSTR_ROUND_MODE:: DRM 	OPCODE:: FCOMP
----------------------------------------------------------------------------------------------------------
Write Address:: 0000ff02 	Write Data::	00000000000000000000000011100111 	@time 5565 

FCSR PROGRAMMED ------------->> STATIC_ROUND_MODE:: RNE
----------------------------------------------------------------------------------------------------------
Write Address:: 0000ff03 	Write Data::	00000000000000000000000000000000 	@time 5625 

----------------------------------------FPU ENABLED (@time 5655)----------------------------------------
			***************************************************** 
			***************************************************** 
------------------------------------FPU OPERATION COMPLETED (@time 5715)----------------------------------

FCSR READ ------------------->> NO FLAG ASSERTED
------------------------------------------------------------------------------
Read Address:: 0000ff03 	Read Data::	00000000000000000000000000000000 	@time 5745

FRES_REG READ --------------->> RESULT OF FLOATING POINT COMPARISON
----------------------------------------------------------------------------------------
Read Address:: 0000ff04 	Read Data::	00000000000000000000000000000001 	@time 5795

	OPERAND_1 is greater than OPERAND_2 


*********************************************************************************************



*********************************************************************************************

	OPERAND_1:: -163.86999511718750000000000000000000000000000000000000
	OPERAND_2:: 0.00000000000000000000000000000000000000000000000000

OPERAND_REG1 PROGRAMMED
----------------------------------------------------------------------------------------------------------
Write Address:: 0000ff00 	Write Data::	11000011001000111101111010111000 	@time 5845 

OPERAND_REG2 PROGRAMMED
----------------------------------------------------------------------------------------------------------
Write Address:: 0000ff01 	Write Data::	00000000000000000000000000000000 	@time 5905 

FRM_OPCD_REG PROGRAMMED ----->> INSTR_ROUND_MODE:: DRM 	OPCODE:: FROUND
----------------------------------------------------------------------------------------------------------
Write Address:: 0000ff02 	Write Data::	00000000000000000000000011100001 	@time 5965 

FCSR PROGRAMMED ------------->> STATIC_ROUND_MODE:: RUP
----------------------------------------------------------------------------------------------------------
Write Address:: 0000ff03 	Write Data::	00000000000000000000000001100000 	@time 6025 

----------------------------------------FPU ENABLED (@time 6055)----------------------------------------
			***************************************************** 
			***************************************************** 
------------------------------------FPU OPERATION COMPLETED (@time 6125)----------------------------------

FCSR READ ------------------->> NO FLAG ASSERTED
------------------------------------------------------------------------------
Read Address:: 0000ff03 	Read Data::	00000000000000000000000000000000 	@time 6155

FRES_REG READ --------------->> RESULT OF FLOATING POINT TO INTEGER CONVERSION
----------------------------------------------------------------------------------------
Read Address:: 0000ff04 	Read Data::	11111111111111111111111101011100 	@time 6205

	FPU RESULT::        -164


*********************************************************************************************



*********************************************************************************************

	OPERAND_1:: 9831.00000000000000000000000000000000000000000000000000
	OPERAND_2:: 0.00000000000000000000000000000000000000000000000000

OPERAND_REG1 PROGRAMMED
----------------------------------------------------------------------------------------------------------
Write Address:: 0000ff00 	Write Data::	00000000000000000010011001100111 	@time 6255 

OPERAND_REG2 PROGRAMMED
----------------------------------------------------------------------------------------------------------
Write Address:: 0000ff01 	Write Data::	00000000000000000000000000000000 	@time 6315 

FRM_OPCD_REG PROGRAMMED ----->> INSTR_ROUND_MODE:: RMM 	OPCODE:: FCAST
----------------------------------------------------------------------------------------------------------
Write Address:: 0000ff02 	Write Data::	00000000000000000000000010000010 	@time 6375 

FCSR PROGRAMMED ------------->> STATIC_ROUND_MODE:: RTZ
----------------------------------------------------------------------------------------------------------
Write Address:: 0000ff03 	Write Data::	00000000000000000000000000100000 	@time 6435 

----------------------------------------FPU ENABLED (@time 6465)----------------------------------------
			***************************************************** 
			***************************************************** 
------------------------------------FPU OPERATION COMPLETED (@time 6535)----------------------------------

FCSR READ ------------------->> NO FLAG ASSERTED
------------------------------------------------------------------------------
Read Address:: 0000ff03 	Read Data::	00000000000000000000000000000000 	@time 6565

FRES_REG READ --------------->> RESULT OF INTEGER TO FLOATING POINT CONVERSION
----------------------------------------------------------------------------------------
Read Address:: 0000ff04 	Read Data::	01000110000110011001110000000000 	@time 6615

	FPU RESULT:: 9831.00000000000000000000000000000000000000000000000000


*********************************************************************************************



*********************************************************************************************

	OPERAND_1:: inf
	OPERAND_2:: 2.40000009536743164062500000000000000000000000000000

OPERAND_REG1 PROGRAMMED
----------------------------------------------------------------------------------------------------------
Write Address:: 0000ff00 	Write Data::	01111111100000000000000000000000 	@time 6665 

OPERAND_REG2 PROGRAMMED
----------------------------------------------------------------------------------------------------------
Write Address:: 0000ff01 	Write Data::	01000000000110011001100110011010 	@time 6725 

FRM_OPCD_REG PROGRAMMED ----->> INSTR_ROUND_MODE:: RMM 	OPCODE:: FMUL
----------------------------------------------------------------------------------------------------------
Write Address:: 0000ff02 	Write Data::	00000000000000000000000010000101 	@time 6785 

FCSR PROGRAMMED ------------->> STATIC_ROUND_MODE:: RTZ
----------------------------------------------------------------------------------------------------------
Write Address:: 0000ff03 	Write Data::	00000000000000000000000000100000 	@time 6845 

----------------------------------------FPU ENABLED (@time 6875)----------------------------------------
			***************************************************** 
			***************************************************** 
------------------------------------FPU OPERATION COMPLETED (@time 6935)----------------------------------

FCSR READ ------------------->> INFINITY FLAG ASSERTED
------------------------------------------------------------------------------
Read Address:: 0000ff03 	Read Data::	00000000000000000000000000001000 	@time 6965

FRES_REG READ --------------->> RESULT OF FLOATING POINT MULTIPLICATION
----------------------------------------------------------------------------------------
Read Address:: 0000ff04 	Read Data::	01111111100000000000000000000000 	@time 7015

	FPU RESULT:: inf


*********************************************************************************************


Simulation complete via $finish(1) at time 7135 NS + 0
../tb/fpu_top_tb_new.sv:131 		#100 $finish;
xcelium> database -close fpu_top_tb_new
xcelium> finish 2
Memory Usage - Current physical: 21.7M, Current virtual: 87.6M
CPU Usage - 0.0s system + 0.0s user = 0.1s total (16.9% cpu)
Simulation complete via $finish(2) at time 7135 NS + 0

coverage setup:
  workdir  :  ./cov_work
  dutinst  :  fpu_top_tb_new(fpu_top_tb_new)
  scope    :  scope
  testname :  fpu_top_tb_new_test

coverage files:
  model(design data) :  ./cov_work/scope/icc_1ad91d68_00000000.ucm (reused)
  data               :  ./cov_work/scope/fpu_top_tb_new_test/icc_1ad91d68_00000000.ucd
TOOL:	xrun	20.09-s012: Exiting on Jun 14, 2022 at 02:14:05 EDT  (total: 00:00:02)
