#-----------------------------------------------------------
# xsim v2019.1.1 (64-bit)
# SW Build 2580384 on Sat Jun 29 08:04:45 MDT 2019
# IP Build 2579722 on Sat Jun 29 11:35:40 MDT 2019
# Start of session at: Sat Sep 14 22:59:04 2019
# Process ID: 6944
# Current directory: /home/ashuvo/Design/ffdiv_32bit_intf_proposed/run_viv
# Command line: xsim -mode tcl -source {xsim.dir/ffdiv_32bit_tb_behav/xsim_script.tcl}
# Log file: /home/ashuvo/Design/ffdiv_32bit_intf_proposed/run_viv/xsim.log
# Journal file: /home/ashuvo/Design/ffdiv_32bit_intf_proposed/run_viv/xsim.jou
#-----------------------------------------------------------
source xsim.dir/ffdiv_32bit_tb_behav/xsim_script.tcl
# xsim {ffdiv_32bit_tb_behav} -autoloadwcfg -runall -sv_seed random
Vivado Simulator 2019.1
# random sv_seed = 1568480349
Time resolution is 1 ns
run -all
WARNING: 0ns : none of the conditions were true for unique case from File:/home/ashuvo/Design/ffdiv_32bit_intf_proposed/rtl/ffdiv_decoder.sv:120
WARNING: 0ns : none of the conditions were true for unique case from File:/home/ashuvo/Design/ffdiv_32bit_intf_proposed/rtl/ffdiv_decoder.sv:159
WARNING: 0ns : none of the conditions were true for unique case from File:/home/ashuvo/Design/ffdiv_32bit_intf_proposed/rtl/ffdiv_32bit.sv:68
WARNING: 0ns : none of the conditions were true for unique case from File:/home/ashuvo/Design/ffdiv_32bit_intf_proposed/rtl/ffdiv_32bit.sv:160
WARNING: 0ns : none of the conditions were true for unique case from File:/home/ashuvo/Design/ffdiv_32bit_intf_proposed/rtl/ffdiv_decoder.sv:120
WARNING: 0ns : none of the conditions were true for unique case from File:/home/ashuvo/Design/ffdiv_32bit_intf_proposed/rtl/ffdiv_32bit.sv:68
WARNING: 0ns : none of the conditions were true for unique case from File:/home/ashuvo/Design/ffdiv_32bit_intf_proposed/rtl/ffdiv_decoder.sv:159
WARNING: 0ns : none of the conditions were true for unique case from File:/home/ashuvo/Design/ffdiv_32bit_intf_proposed/rtl/ffdiv_32bit.sv:160

------------------------------------------------------------------------------------------------
				FFDIV enabled	@time 35 ns

OPERAND_1st::  1_00000000_00000000000000000000001 (-1.4013e-45)
OPERAND_2nd::  1_00000000_00010100000000000000000 (-9.18355e-40)

result:: 0_01101011_10011001100110011001100 ([1;31m1.52588e-06[0m)	@time 145 ns
result:: 0_01101011_10011001100110011001101 ([1;34m1.52588e-06[0m)	(from calculator)
NaNF:: 0, OVF:: 0, INF:: 0, UF:: 0, ZF:: 0

NUMBER OF ITERATION NEEDED:: 7	(latency:: [1;32m12 cycles[0m)
PERCENT ERROR:: [1;32m0.0000074506%[0m

------------------------------------------------------------------------------------------------

------------------------------------------------------------------------------------------------
				FFDIV enabled	@time 155 ns

OPERAND_1st::  1_00000001_00010000100000010000010 (-1.25128e-38)
OPERAND_2nd::  1_00000001_00100100100000010000001 (-1.34311e-38)

result:: 0_01111110_11011100111111011111001 ([1;31m0.931625[0m)	@time 265 ns
result:: 0_01111110_11011100111111011111001 ([1;34m0.931625[0m)	(from calculator)
NaNF:: 0, OVF:: 0, INF:: 0, UF:: 0, ZF:: 0

NUMBER OF ITERATION NEEDED:: 7	(latency:: [1;32m12 cycles[0m)
PERCENT ERROR:: [1;32m0.0000000000%[0m

------------------------------------------------------------------------------------------------

------------------------------------------------------------------------------------------------
				FFDIV enabled	@time 275 ns

OPERAND_1st::  1_00000010_00100001000000100000011 (-2.65412e-38)
OPERAND_2nd::  1_00000010_00110101000000100000010 (-2.83779e-38)

result:: 0_01111110_11011110110111001001110 ([1;31m0.935277[0m)	@time 385 ns
result:: 0_01111110_11011110110111001001101 ([1;34m0.935277[0m)	(from calculator)
NaNF:: 0, OVF:: 0, INF:: 0, UF:: 0, ZF:: 0

NUMBER OF ITERATION NEEDED:: 7	(latency:: [1;32m12 cycles[0m)
PERCENT ERROR:: [1;32m-0.0000063729%[0m

------------------------------------------------------------------------------------------------

------------------------------------------------------------------------------------------------
				FFDIV enabled	@time 395 ns

OPERAND_1st::  1_00000011_00110001100000110000100 (-5.61137e-38)
OPERAND_2nd::  1_00000011_01000101100000110000011 (-5.97871e-38)

result:: 0_01111110_11100000100010101011100 ([1;31m0.938558[0m)	@time 505 ns
result:: 0_01111110_11100000100010101011101 ([1;34m0.938558[0m)	(from calculator)
NaNF:: 0, OVF:: 0, INF:: 0, UF:: 0, ZF:: 0

NUMBER OF ITERATION NEEDED:: 7	(latency:: [1;32m12 cycles[0m)
PERCENT ERROR:: [1;32m0.0000063507%[0m

------------------------------------------------------------------------------------------------

------------------------------------------------------------------------------------------------
				FFDIV enabled	@time 515 ns

OPERAND_1st::  1_00000100_01000010000001000000101 (-1.1829e-37)
OPERAND_2nd::  1_00000100_01010110000001000000100 (-1.25637e-37)

result:: 0_01111110_11100010000011110101010 ([1;31m0.941523[0m)	@time 615 ns
result:: 0_01111110_11100010000011110101011 ([1;34m0.941523[0m)	(from calculator)
NaNF:: 0, OVF:: 0, INF:: 0, UF:: 0, ZF:: 0

NUMBER OF ITERATION NEEDED:: 6	(latency:: [1;32m11 cycles[0m)
PERCENT ERROR:: [1;32m0.0000063307%[0m

------------------------------------------------------------------------------------------------

------------------------------------------------------------------------------------------------
				FFDIV enabled	@time 625 ns

OPERAND_1st::  1_10000010_00100000000000000000000 (-9)
OPERAND_2nd::  1_10000000_10000000000000000000000 (-3)

result:: 0_10000000_10000000000000000000000 ([1;31m3[0m)	@time 735 ns
result:: 0_10000000_10000000000000000000000 ([1;34m3[0m)	(from calculator)
NaNF:: 0, OVF:: 0, INF:: 0, UF:: 0, ZF:: 0

NUMBER OF ITERATION NEEDED:: 7	(latency:: [1;32m12 cycles[0m)
PERCENT ERROR:: [1;32m0.0000000000%[0m

------------------------------------------------------------------------------------------------

------------------------------------------------------------------------------------------------
				FFDIV enabled	@time 745 ns

OPERAND_1st::  1_10000010_00100100001000000000001 (-9.12891)
OPERAND_2nd::  1_10000000_11111111111111111111111 (-4)

result:: 0_10000000_00100100001000000000010 ([1;31m2.28223[0m)	@time 805 ns
result:: 0_10000000_00100100001000000000010 ([1;34m2.28223[0m)	(from calculator)
NaNF:: 0, OVF:: 0, INF:: 0, UF:: 0, ZF:: 0

NUMBER OF ITERATION NEEDED:: 2	(latency:: [1;32m7 cycles[0m)
PERCENT ERROR:: [1;32m0.0000000000%[0m

------------------------------------------------------------------------------------------------

------------------------------------------------------------------------------------------------
				FFDIV enabled	@time 815 ns

OPERAND_1st::  1_01011110_01111110100001111011110 (-1.73955e-10)
OPERAND_2nd::  1_00010110_01111111111111111111111 (-3.69779e-32)

result:: 0_11000110_11111110000010100101010 ([1;31m4.70429e+21[0m)	@time 915 ns
result:: 0_11000110_11111110000010100101001 ([1;34m4.70429e+21[0m)	(from calculator)
NaNF:: 0, OVF:: 0, INF:: 0, UF:: 0, ZF:: 0

NUMBER OF ITERATION NEEDED:: 6	(latency:: [1;32m11 cycles[0m)
PERCENT ERROR:: [1;32m-0.0000059834%[0m

------------------------------------------------------------------------------------------------

------------------------------------------------------------------------------------------------
				FFDIV enabled	@time 925 ns

OPERAND_1st::  0_01011110_01101110100111001111100 (1.66716e-10)
OPERAND_2nd::  1_00010110_11110111011101110110110 (-4.84821e-32)

result:: 1_11000110_01110100110100111011110 ([1;31m-3.43872e+21[0m)	@time 1015 ns
result:: 1_11000110_01110100110100111011101 ([1;34m-3.43872e+21[0m)	(from calculator)
NaNF:: 0, OVF:: 0, INF:: 0, UF:: 0, ZF:: 0

NUMBER OF ITERATION NEEDED:: 5	(latency:: [1;32m10 cycles[0m)
PERCENT ERROR:: [1;32m-0.0000081855%[0m

------------------------------------------------------------------------------------------------

------------------------------------------------------------------------------------------------
				FFDIV enabled	@time 1025 ns

OPERAND_1st::  1_01011110_01101110100111001111100 (-1.66716e-10)
OPERAND_2nd::  0_00010110_11111111011101110110110 (4.92524e-32)

result:: 1_11000110_01101110111111101101110 ([1;31m-3.38494e+21[0m)	@time 1105 ns
result:: 1_11000110_01101110111111101101111 ([1;34m-3.38494e+21[0m)	(from calculator)
NaNF:: 0, OVF:: 0, INF:: 0, UF:: 0, ZF:: 0

NUMBER OF ITERATION NEEDED:: 4	(latency:: [1;32m9 cycles[0m)
PERCENT ERROR:: [1;32m0.0000083155%[0m

------------------------------------------------------------------------------------------------

------------------------------------------------------------------------------------------------
				FFDIV enabled	@time 1115 ns

OPERAND_1st::  1_01011110_01000110100111111111111 (-1.48532e-10)
OPERAND_2nd::  1_00010110_11111111111101111111110 (-4.93008e-32)

result:: 0_11000110_01000110101001010001110 ([1;31m3.01277e+21[0m)	@time 1185 ns
result:: 0_11000110_01000110101001010001110 ([1;34m3.01277e+21[0m)	(from calculator)
NaNF:: 0, OVF:: 0, INF:: 0, UF:: 0, ZF:: 0

NUMBER OF ITERATION NEEDED:: 3	(latency:: [1;32m8 cycles[0m)
PERCENT ERROR:: [1;32m0.0000000000%[0m

------------------------------------------------------------------------------------------------

------------------------------------------------------------------------------------------------
				FFDIV enabled	@time 1195 ns

OPERAND_1st::  0_01010110_01000110100100001111111 (5.80098e-13)
OPERAND_2nd::  1_00010110_11111111111111111011111 (-4.93037e-32)

result:: 1_10111110_01000110100100010010100 ([1;31m-1.17658e+19[0m)	@time 1265 ns
result:: 1_10111110_01000110100100010010100 ([1;34m-1.17658e+19[0m)	(from calculator)
NaNF:: 0, OVF:: 0, INF:: 0, UF:: 0, ZF:: 0

NUMBER OF ITERATION NEEDED:: 3	(latency:: [1;32m8 cycles[0m)
PERCENT ERROR:: [1;32m0.0000000000%[0m

------------------------------------------------------------------------------------------------

------------------------------------------------------------------------------------------------
				FFDIV enabled	@time 1275 ns

OPERAND_1st::  1_01111111_00101100001000000000001 (-1.17236)
OPERAND_2nd::  0_11111110_11111111111111111111111 (3.40282e+38)

result:: 1_00000000_01001011000010000000000 ([1;31m-3.44527e-39[0m)	@time 1335 ns
result:: 1_00000000_01001011000010000000000 ([1;34m-3.44527e-39[0m)	(from calculator)
NaNF:: 0, OVF:: 0, INF:: 0, UF:: 1, ZF:: 0

NUMBER OF ITERATION NEEDED:: 2	(latency:: [1;32m7 cycles[0m)
PERCENT ERROR:: [1;32m0.0000000000%[0m

------------------------------------------------------------------------------------------------

------------------------------------------------------------------------------------------------
				FFDIV enabled	@time 1345 ns

OPERAND_1st::  1_01110111_00101100001000000000001 (-0.00457954)
OPERAND_2nd::  0_11111111_11111111111111111111111 (nan)

result:: 0_11111111_11111111111111111111111 ([1;31mnan[0m)	@time 1385 ns
result:: 0_11111111_11111111111111111111111 ([1;34mnan[0m)	(from calculator)
NaNF:: 1, OVF:: 0, INF:: 0, UF:: 0, ZF:: 0

NUMBER OF ITERATION NEEDED:: 0	(latency:: [1;32m5 cycles[0m)
PERCENT ERROR:: [1;32mNOT APPLICABLE[m

------------------------------------------------------------------------------------------------

------------------------------------------------------------------------------------------------
				FFDIV enabled	@time 1395 ns

OPERAND_1st::  1_11111111_01111111011111111111101 (-nan)
OPERAND_2nd::  1_01101111_00001100101000000000001 (-1.60113e-05)

result:: 1_11111111_11111111011111111111101 ([1;31m-nan[0m)	@time 1435 ns
result:: 1_11111111_11111111011111111111101 ([1;34m-nan[0m)	(from calculator)
NaNF:: 1, OVF:: 0, INF:: 0, UF:: 0, ZF:: 0

NUMBER OF ITERATION NEEDED:: 0	(latency:: [1;32m5 cycles[0m)
PERCENT ERROR:: [1;32mNOT APPLICABLE[m

------------------------------------------------------------------------------------------------

------------------------------------------------------------------------------------------------
				FFDIV enabled	@time 1445 ns

OPERAND_1st::  1_11111000_01111111011111111111101 (-3.98249e+36)
OPERAND_2nd::  1_00001111_00001100101000000000001 (-2.02091e-34)

result:: 0_11111111_00000000000000000000000 ([1;31minf[0m)	@time 1555 ns
result:: 0_11111111_00000000000000000000000 ([1;34m1.97064e+70[0m)	(from calculator)
NaNF:: 0, OVF:: 1, INF:: 1, UF:: 0, ZF:: 0

NUMBER OF ITERATION NEEDED:: 7	(latency:: [1;32m12 cycles[0m)
PERCENT ERROR:: [1;32mNOT APPLICABLE[m

------------------------------------------------------------------------------------------------

------------------------------------------------------------------------------------------------
				FFDIV enabled	@time 1565 ns

OPERAND_1st::  1_00001111_00001100101000000000001 (-2.02091e-34)
OPERAND_2nd::  1_11111000_01111111011111111111101 (-3.98249e+36)

result:: 0_00000000_00000000000000000000000 ([1;31m0[0m)	@time 1665 ns
result:: 0_00000000_00000000000000000000000 ([1;34m5.07449e-71[0m)	(from calculator)
NaNF:: 0, OVF:: 1, INF:: 0, UF:: 0, ZF:: 1

NUMBER OF ITERATION NEEDED:: 6	(latency:: [1;32m11 cycles[0m)
PERCENT ERROR:: [1;32mNOT APPLICABLE[m

------------------------------------------------------------------------------------------------

------------------------------------------------------------------------------------------------
				FFDIV enabled	@time 1675 ns

OPERAND_1st::  0_11111111_01111111011111111111101 (nan)
OPERAND_2nd::  1_11111111_00000000000000000000000 (-inf)

result:: 0_11111111_11111111011111111111101 ([1;31mnan[0m)	@time 1715 ns
result:: 0_11111111_11111111011111111111101 ([1;34mnan[0m)	(from calculator)
NaNF:: 1, OVF:: 0, INF:: 0, UF:: 0, ZF:: 0

NUMBER OF ITERATION NEEDED:: 0	(latency:: [1;32m5 cycles[0m)
PERCENT ERROR:: [1;32mNOT APPLICABLE[m

------------------------------------------------------------------------------------------------

------------------------------------------------------------------------------------------------
				FFDIV enabled	@time 1725 ns

OPERAND_1st::  0_11101110_01101111011111010111101 (3.72679e+33)
OPERAND_2nd::  1_11111111_00000000000000000000000 (-inf)

result:: 1_00000000_00000000000000000000000 ([1;31m-0[0m)	@time 1765 ns
result:: 1_00000000_00000000000000000000000 ([1;34m-0[0m)	(from calculator)
NaNF:: 0, OVF:: 0, INF:: 0, UF:: 0, ZF:: 1

NUMBER OF ITERATION NEEDED:: 0	(latency:: [1;32m5 cycles[0m)
PERCENT ERROR:: [1;32m0.0000000000%[0m

------------------------------------------------------------------------------------------------

------------------------------------------------------------------------------------------------
				FFDIV enabled	@time 1775 ns

OPERAND_1st::  1_11111111_00000000000000000000000 (-inf)
OPERAND_2nd::  0_11101110_01101111011111010111101 (3.72679e+33)

result:: 1_11111111_00000000000000000000000 ([1;31m-inf[0m)	@time 1815 ns
result:: 1_11111111_00000000000000000000000 ([1;34m-inf[0m)	(from calculator)
NaNF:: 0, OVF:: 0, INF:: 1, UF:: 0, ZF:: 0

NUMBER OF ITERATION NEEDED:: 0	(latency:: [1;32m5 cycles[0m)
PERCENT ERROR:: [1;32m0.0000000000%[0m

------------------------------------------------------------------------------------------------

------------------------------------------------------------------------------------------------
				FFDIV enabled	@time 1825 ns

OPERAND_1st::  1_00000000_00000000000000000000000 (-0)
OPERAND_2nd::  0_11101110_01101111011111010111101 (3.72679e+33)

result:: 1_00000000_00000000000000000000000 ([1;31m-0[0m)	@time 1865 ns
result:: 1_00000000_00000000000000000000000 ([1;34m-0[0m)	(from calculator)
NaNF:: 0, OVF:: 0, INF:: 0, UF:: 0, ZF:: 1

NUMBER OF ITERATION NEEDED:: 0	(latency:: [1;32m5 cycles[0m)
PERCENT ERROR:: [1;32m0.0000000000%[0m

------------------------------------------------------------------------------------------------

------------------------------------------------------------------------------------------------
				FFDIV enabled	@time 1875 ns

OPERAND_1st::  0_00000000_00000000000000000000000 (0)
OPERAND_2nd::  0_11111111_00000000000000000000000 (inf)

result:: 0_00000000_00000000000000000000000 ([1;31m0[0m)	@time 1915 ns
result:: 0_00000000_00000000000000000000000 ([1;34m0[0m)	(from calculator)
NaNF:: 0, OVF:: 0, INF:: 0, UF:: 0, ZF:: 1

NUMBER OF ITERATION NEEDED:: 0	(latency:: [1;32m5 cycles[0m)
PERCENT ERROR:: [1;32m0.0000000000%[0m

------------------------------------------------------------------------------------------------

------------------------------------------------------------------------------------------------
				FFDIV enabled	@time 1925 ns

OPERAND_1st::  0_01111110_00001111011111010010100 (0.530252)
OPERAND_2nd::  0_00000000_00000000000000000000000 (0)

result:: 0_11111111_00000000000000000000000 ([1;31minf[0m)	@time 1965 ns
result:: 0_11111111_00000000000000000000000 ([1;34minf[0m)	(from calculator)
NaNF:: 0, OVF:: 0, INF:: 1, UF:: 0, ZF:: 0

NUMBER OF ITERATION NEEDED:: 0	(latency:: [1;32m5 cycles[0m)
PERCENT ERROR:: [1;32m0.0000000000%[0m

------------------------------------------------------------------------------------------------

------------------------------------------------------------------------------------------------
				FFDIV enabled	@time 1975 ns

OPERAND_1st::  0_00000000_00101110011111010010100 (2.13467e-39)
OPERAND_2nd::  0_00000000_00000000000000000000000 (0)

result:: 0_11111111_00000000000000000000000 ([1;31minf[0m)	@time 2015 ns
result:: 0_11111111_00000000000000000000000 ([1;34minf[0m)	(from calculator)
NaNF:: 0, OVF:: 0, INF:: 1, UF:: 0, ZF:: 0

NUMBER OF ITERATION NEEDED:: 0	(latency:: [1;32m5 cycles[0m)
PERCENT ERROR:: [1;32m0.0000000000%[0m

------------------------------------------------------------------------------------------------

------------------------------------------------------------------------------------------------
				FFDIV enabled	@time 2025 ns

OPERAND_1st::  1_11111111_00000000000000000000000 (-inf)
OPERAND_2nd::  0_00000000_00000000000000000000000 (0)

result:: 1_11111111_00000000000000000000000 ([1;31m-inf[0m)	@time 2065 ns
result:: 1_11111111_00000000000000000000000 ([1;34m-inf[0m)	(from calculator)
NaNF:: 0, OVF:: 0, INF:: 1, UF:: 0, ZF:: 0

NUMBER OF ITERATION NEEDED:: 0	(latency:: [1;32m5 cycles[0m)
PERCENT ERROR:: [1;32m0.0000000000%[0m

------------------------------------------------------------------------------------------------

------------------------------------------------------------------------------------------------
				FFDIV enabled	@time 2075 ns

OPERAND_1st::  1_01110111_10101100000000000000001 (-0.00653076)
OPERAND_2nd::  0_01111111_00000000000000000000000 (1)

result:: 1_01110111_10101100000000000000001 ([1;31m-0.00653076[0m)	@time 2185 ns
result:: 1_01110111_10101100000000000000001 ([1;34m-0.00653076[0m)	(from calculator)
NaNF:: 0, OVF:: 0, INF:: 0, UF:: 0, ZF:: 0

NUMBER OF ITERATION NEEDED:: 7	(latency:: [1;32m12 cycles[0m)
PERCENT ERROR:: [1;32m0.0000000000%[0m

------------------------------------------------------------------------------------------------

------------------------------------------------------------------------------------------------
				FFDIV enabled	@time 2195 ns

OPERAND_1st::  1_11111111_00000000000000000000000 (-inf)
OPERAND_2nd::  0_11111111_00000000000000000000000 (inf)

result:: 1_11111111_10000000000000000000000 ([1;31m-nan[0m)	@time 2235 ns
result:: 1_11111111_10000000000000000000000 ([1;34m-nan[0m)	(from calculator)
NaNF:: 1, OVF:: 0, INF:: 0, UF:: 0, ZF:: 0

NUMBER OF ITERATION NEEDED:: 0	(latency:: [1;32m5 cycles[0m)
PERCENT ERROR:: [1;32mNOT APPLICABLE[m

------------------------------------------------------------------------------------------------

------------------------------------------------------------------------------------------------
				FFDIV enabled	@time 2245 ns

OPERAND_1st::  0_00000000_00000000000000000000000 (0)
OPERAND_2nd::  1_00000000_00000000000000000000000 (-0)

result:: 1_11111111_10000000000000000000000 ([1;31m-nan[0m)	@time 2285 ns
result:: 1_11111111_10000000000000000000000 ([1;34m-nan[0m)	(from calculator)
NaNF:: 1, OVF:: 0, INF:: 0, UF:: 0, ZF:: 0

NUMBER OF ITERATION NEEDED:: 0	(latency:: [1;32m5 cycles[0m)
PERCENT ERROR:: [1;32mNOT APPLICABLE[m

------------------------------------------------------------------------------------------------

------------------------------------------------------------------------------------------------
				FFDIV enabled	@time 2295 ns

OPERAND_1st::  0_11111110_11111111111111111111111 (3.40282e+38)
OPERAND_2nd::  0_01111110_11111111111111111111111 (1)

result:: 0_11111111_00000000000000000000000 ([1;31minf[0m)	@time 2355 ns
result:: 0_11111111_00000000000000000000000 ([1;34m3.40282e+38[0m)	(from calculator)
NaNF:: 0, OVF:: 1, INF:: 1, UF:: 0, ZF:: 0

NUMBER OF ITERATION NEEDED:: 2	(latency:: [1;32m7 cycles[0m)
PERCENT ERROR:: [1;32mNOT APPLICABLE[m

------------------------------------------------------------------------------------------------

------------------------------------------------------------------------------------------------
				FFDIV enabled	@time 2365 ns

OPERAND_1st::  0_11111110_11111111111111111111111 (3.40282e+38)
OPERAND_2nd::  1_01111111_00000000000000000000000 (-1)

result:: 1_11111110_11111111111111111111111 ([1;31m-3.40282e+38[0m)	@time 2475 ns
result:: 1_11111110_11111111111111111111111 ([1;34m-3.40282e+38[0m)	(from calculator)
NaNF:: 0, OVF:: 0, INF:: 0, UF:: 0, ZF:: 0

NUMBER OF ITERATION NEEDED:: 7	(latency:: [1;32m12 cycles[0m)
PERCENT ERROR:: [1;32m0.0000000000%[0m

------------------------------------------------------------------------------------------------

------------------------------------------------------------------------------------------------
				FFDIV enabled	@time 2485 ns

OPERAND_1st::  0_00000000_00000000000000000000001 (1.4013e-45)
OPERAND_2nd::  0_01111111_00000000000000000000001 (1)

result:: 0_00000000_00000000000000000000000 ([1;31m0[0m)	@time 2595 ns
result:: 0_00000000_00000000000000000000001 ([1;34m1.4013e-45[0m)	(from calculator)
NaNF:: 0, OVF:: 1, INF:: 0, UF:: 0, ZF:: 1

NUMBER OF ITERATION NEEDED:: 7	(latency:: [1;32m12 cycles[0m)
PERCENT ERROR:: [1;32mNOT APPLICABLE[m

------------------------------------------------------------------------------------------------

------------------------------------------------------------------------------------------------
				FFDIV enabled	@time 2605 ns

OPERAND_1st::  0_00000000_00000000000000000000001 (1.4013e-45)
OPERAND_2nd::  0_01111111_00000000000000000000000 (1)

result:: 0_00000000_00000000000000000000001 ([1;31m1.4013e-45[0m)	@time 2715 ns
result:: 0_00000000_00000000000000000000001 ([1;34m1.4013e-45[0m)	(from calculator)
NaNF:: 0, OVF:: 0, INF:: 0, UF:: 1, ZF:: 0

NUMBER OF ITERATION NEEDED:: 7	(latency:: [1;32m12 cycles[0m)
PERCENT ERROR:: [1;32m0.0000000000%[0m

------------------------------------------------------------------------------------------------

------------------------------------------------------------------------------------------------
				FFDIV enabled	@time 2725 ns

OPERAND_1st::  0_00000000_00000000100111000010101 (2.80106e-41)
OPERAND_2nd::  1_00000000_00110101011101010110010 (-2.4547e-39)

result:: 1_01111000_01110101111010100111010 ([1;31m-0.011411[0m)	@time 2825 ns
result:: 1_01111000_01110101111010100111001 ([1;34m-0.011411[0m)	(from calculator)
NaNF:: 0, OVF:: 0, INF:: 0, UF:: 0, ZF:: 0

NUMBER OF ITERATION NEEDED:: 6	(latency:: [1;32m11 cycles[0m)
PERCENT ERROR:: [1;32m-0.0000081616%[0m

------------------------------------------------------------------------------------------------

------------------------------------------------------------------------------------------------
				FFDIV enabled	@time 2835 ns

OPERAND_1st::  0_00000000_11111111111111111111111 (1.17549e-38)
OPERAND_2nd::  1_00000000_00000000000001000110011 (-7.88931e-43)

result:: 1_10001100_11010001100111101010110 ([1;31m-14899.8[0m)	@time 2945 ns
result:: 1_10001100_11010001100111101010111 ([1;34m-14899.8[0m)	(from calculator)
NaNF:: 0, OVF:: 0, INF:: 0, UF:: 0, ZF:: 0

NUMBER OF ITERATION NEEDED:: 7	(latency:: [1;32m12 cycles[0m)
PERCENT ERROR:: [1;32m0.0000065542%[0m

------------------------------------------------------------------------------------------------

------------------------------------------------------------------------------------------------
				FFDIV enabled	@time 2955 ns

OPERAND_1st::  0_00010001_11111111111111111111111 (1.54074e-33)
OPERAND_2nd::  1_00000000_00000000000001000110011 (-7.88931e-43)

result:: 1_10011101_11010001100111101011000 ([1;31m-1.95295e+09[0m)	@time 3065 ns
result:: 1_10011101_11010001100111101011000 ([1;34m-1.95295e+09[0m)	(from calculator)
NaNF:: 0, OVF:: 0, INF:: 0, UF:: 0, ZF:: 0

NUMBER OF ITERATION NEEDED:: 7	(latency:: [1;32m12 cycles[0m)
PERCENT ERROR:: [1;32m0.0000000000%[0m

------------------------------------------------------------------------------------------------

------------------------------------------------------------------------------------------------
				FFDIV enabled	@time 3075 ns

OPERAND_1st::  1_10000010_11111111111111111111111 (-16)
OPERAND_2nd::  1_00000000_00000000000111110110111 (-5.63742e-42)

result:: 0_11111111_00000000000000000000000 ([1;31minf[0m)	@time 3165 ns
result:: 0_11111111_00000000000000000000000 ([1;34m2.83818e+42[0m)	(from calculator)
NaNF:: 0, OVF:: 1, INF:: 1, UF:: 0, ZF:: 0

NUMBER OF ITERATION NEEDED:: 5	(latency:: [1;32m10 cycles[0m)
PERCENT ERROR:: [1;32mNOT APPLICABLE[m

------------------------------------------------------------------------------------------------

------------------------------------------------------------------------------------------------
				FFDIV enabled	@time 3175 ns

OPERAND_1st::  1_11111111_01111111010111111101101 (-nan)
OPERAND_2nd::  1_11111111_10111111011111111101100 (-nan)

result:: 1_11111111_10111111011111111101100 ([1;31m-nan[0m)	@time 3215 ns
result:: 1_11111111_11111111010111111101101 ([1;34m-nan[0m)	(from calculator)
NaNF:: 1, OVF:: 0, INF:: 0, UF:: 0, ZF:: 0

NUMBER OF ITERATION NEEDED:: 0	(latency:: [1;32m5 cycles[0m)
PERCENT ERROR:: [1;32mNOT APPLICABLE[m

------------------------------------------------------------------------------------------------

------------------------------------------------------------------------------------------------
				FFDIV enabled	@time 3225 ns

OPERAND_1st::  1_11111111_00000011010111111101101 (-nan)
OPERAND_2nd::  0_11111111_00011111011111111101100 (nan)

result:: 0_11111111_10011111011111111101100 ([1;31mnan[0m)	@time 3265 ns
result:: 1_11111111_10000011010111111101101 ([1;34m-nan[0m)	(from calculator)
NaNF:: 1, OVF:: 0, INF:: 0, UF:: 0, ZF:: 0

NUMBER OF ITERATION NEEDED:: 0	(latency:: [1;32m5 cycles[0m)
PERCENT ERROR:: [1;32mNOT APPLICABLE[m

------------------------------------------------------------------------------------------------

------------------------------------------------------------------------------------------------
				FFDIV enabled	@time 3275 ns

OPERAND_1st::  1_11111111_10000000010110001001101 (-nan)
OPERAND_2nd::  1_11111111_00011111011111111100000 (-nan)

result:: 1_11111111_10000000010110001001101 ([1;31m-nan[0m)	@time 3315 ns
result:: 1_11111111_10000000010110001001101 ([1;34m-nan[0m)	(from calculator)
NaNF:: 1, OVF:: 0, INF:: 0, UF:: 0, ZF:: 0

NUMBER OF ITERATION NEEDED:: 0	(latency:: [1;32m5 cycles[0m)
PERCENT ERROR:: [1;32mNOT APPLICABLE[m

------------------------------------------------------------------------------------------------

------------------------------------------------------------------------------------------------
				FFDIV enabled	@time 3325 ns

OPERAND_1st::  1_11111111_00011111011111111100000 (-nan)
OPERAND_2nd::  1_11111111_10000000010110001001101 (-nan)

result:: 1_11111111_10000000010110001001101 ([1;31m-nan[0m)	@time 3365 ns
result:: 1_11111111_10011111011111111100000 ([1;34m-nan[0m)	(from calculator)
NaNF:: 1, OVF:: 0, INF:: 0, UF:: 0, ZF:: 0

NUMBER OF ITERATION NEEDED:: 0	(latency:: [1;32m5 cycles[0m)
PERCENT ERROR:: [1;32mNOT APPLICABLE[m

------------------------------------------------------------------------------------------------

------------------------------------------------------------------------------------------------
				FFDIV enabled	@time 3375 ns

OPERAND_1st::  0_11111111_10011111011111111100000 (nan)
OPERAND_2nd::  0_11111111_11000000010110001001101 (nan)

result:: 0_11111111_11000000010110001001101 ([1;31mnan[0m)	@time 3415 ns
result:: 0_11111111_10011111011111111100000 ([1;34mnan[0m)	(from calculator)
NaNF:: 1, OVF:: 0, INF:: 0, UF:: 0, ZF:: 0

NUMBER OF ITERATION NEEDED:: 0	(latency:: [1;32m5 cycles[0m)
PERCENT ERROR:: [1;32mNOT APPLICABLE[m

------------------------------------------------------------------------------------------------

------------------------------------------------------------------------------------------------
				FFDIV enabled	@time 3425 ns

OPERAND_1st::  1_00000000_00000000100111010010101 (-2.81899e-41)
OPERAND_2nd::  1_00000000_00000111111111010110011 (-3.66875e-40)

result:: 0_01111011_00111010101110100101100 ([1;31m0.0768379[0m)	@time 3505 ns
result:: 0_01111011_00111010101110100101101 ([1;34m0.0768379[0m)	(from calculator)
NaNF:: 0, OVF:: 0, INF:: 0, UF:: 0, ZF:: 0

NUMBER OF ITERATION NEEDED:: 4	(latency:: [1;32m9 cycles[0m)
PERCENT ERROR:: [1;32m0.0000096965%[0m

------------------------------------------------------------------------------------------------

------------------------------------------------------------------------------------------------
				FFDIV enabled	@time 3515 ns

OPERAND_1st::  0_00000000_11100110100111010010101 (1.05893e-38)
OPERAND_2nd::  1_00000000_00000111111111111100101 (-3.67304e-40)

result:: 1_10000011_11001101010001100111110 ([1;31m-28.8297[0m)	@time 3585 ns
result:: 1_10000011_11001101010001100111111 ([1;34m-28.8297[0m)	(from calculator)
NaNF:: 0, OVF:: 0, INF:: 0, UF:: 0, ZF:: 0

NUMBER OF ITERATION NEEDED:: 3	(latency:: [1;32m8 cycles[0m)
PERCENT ERROR:: [1;32m0.0000066159%[0m

------------------------------------------------------------------------------------------------

------------------------------------------------------------------------------------------------
				FFDIV enabled	@time 3595 ns

OPERAND_1st::  1_00010000_00000000100111010010101 (-3.8611e-34)
OPERAND_2nd::  1_00000000_00000111111111111111011 (-3.67335e-40)

result:: 0_10010011_00000000100111100110110 ([1;31m1.05111e+06[0m)	@time 3665 ns
result:: 0_10010011_00000000100111100110101 ([1;34m1.05111e+06[0m)	(from calculator)
NaNF:: 0, OVF:: 0, INF:: 0, UF:: 0, ZF:: 0

NUMBER OF ITERATION NEEDED:: 3	(latency:: [1;32m8 cycles[0m)
PERCENT ERROR:: [1;32m-0.0000118922%[0m

------------------------------------------------------------------------------------------------

------------------------------------------------------------------------------------------------
				FFDIV enabled	@time 3675 ns

OPERAND_1st::  1_00110001_01110100100111010010111 (-4.81592e-24)
OPERAND_2nd::  1_00000000_00000111111111111111110 (-3.67339e-40)

result:: 0_10110100_01110100100111011110100 ([1;31m1.31103e+16[0m)	@time 3745 ns
result:: 0_10110100_01110100100111011110100 ([1;34m1.31103e+16[0m)	(from calculator)
NaNF:: 0, OVF:: 0, INF:: 0, UF:: 0, ZF:: 0

NUMBER OF ITERATION NEEDED:: 3	(latency:: [1;32m8 cycles[0m)
PERCENT ERROR:: [1;32m0.0000000000%[0m

------------------------------------------------------------------------------------------------

------------------------------------------------------------------------------------------------
				FFDIV enabled	@time 3755 ns

OPERAND_1st::  1_00110111_01110100100111010010111 (-3.08219e-22)
OPERAND_2nd::  1_00000000_00000111111111111111111 (-3.67341e-40)

result:: 0_10111010_01110100100111011000110 ([1;31m8.39055e+17[0m)	@time 3825 ns
result:: 0_10111010_01110100100111011000110 ([1;34m8.39055e+17[0m)	(from calculator)
NaNF:: 0, OVF:: 0, INF:: 0, UF:: 0, ZF:: 0

NUMBER OF ITERATION NEEDED:: 3	(latency:: [1;32m8 cycles[0m)
PERCENT ERROR:: [1;32m0.0000000000%[0m

------------------------------------------------------------------------------------------------

------------------------------------------------------------------------------------------------
				FFDIV enabled	@time 3835 ns

OPERAND_1st::  0_00110111_01110100100111010010111 (3.08219e-22)
OPERAND_2nd::  1_01000001_11111111111111111111111 (-4.33681e-19)

result:: 1_01110100_01110100100111010011000 ([1;31m-0.000710705[0m)	@time 3895 ns
result:: 1_01110100_01110100100111010011000 ([1;34m-0.000710705[0m)	(from calculator)
NaNF:: 0, OVF:: 0, INF:: 0, UF:: 0, ZF:: 0

NUMBER OF ITERATION NEEDED:: 2	(latency:: [1;32m7 cycles[0m)
PERCENT ERROR:: [1;32m0.0000000000%[0m

------------------------------------------------------------------------------------------------

------------------------------------------------------------------------------------------------
				FFDIV enabled	@time 3905 ns

OPERAND_1st::  1_00110010_11110100110101010011111 (-1.29462e-23)
OPERAND_2nd::  1_01101001_11111111110111111111111 (-4.76721e-07)

result:: 0_01000111_11110100111101001001000 ([1;31m2.71568e-17[0m)	@time 3985 ns
result:: 0_01000111_11110100111101001001000 ([1;34m2.71568e-17[0m)	(from calculator)
NaNF:: 0, OVF:: 0, INF:: 0, UF:: 0, ZF:: 0

NUMBER OF ITERATION NEEDED:: 4	(latency:: [1;32m9 cycles[0m)
PERCENT ERROR:: [1;32m0.0000000000%[0m

------------------------------------------------------------------------------------------------

------------------------------------------------------------------------------------------------
				FFDIV enabled	@time 3995 ns

OPERAND_1st::  0_00110111_00110110100001011010101 (2.56858e-22)
OPERAND_2nd::  1_01101001_11111111111111111111111 (-4.76837e-07)

result:: 1_01001100_00110110100001011010110 ([1;31m-5.3867e-16[0m)	@time 4055 ns
result:: 1_01001100_00110110100001011010110 ([1;34m-5.3867e-16[0m)	(from calculator)
NaNF:: 0, OVF:: 0, INF:: 0, UF:: 0, ZF:: 0

NUMBER OF ITERATION NEEDED:: 2	(latency:: [1;32m7 cycles[0m)
PERCENT ERROR:: [1;32m0.0000000000%[0m

------------------------------------------------------------------------------------------------

------------------------------------------------------------------------------------------------
				FFDIV enabled	@time 4065 ns

OPERAND_1st::  1_01110110_00111110111001011010101 (-0.00243299)
OPERAND_2nd::  1_01101001_11111111111111111111111 (-4.76837e-07)

result:: 0_10001011_00111110111001011010110 ([1;31m5102.35[0m)	@time 4125 ns
result:: 0_10001011_00111110111001011010110 ([1;34m5102.35[0m)	(from calculator)
NaNF:: 0, OVF:: 0, INF:: 0, UF:: 0, ZF:: 0

NUMBER OF ITERATION NEEDED:: 2	(latency:: [1;32m7 cycles[0m)
PERCENT ERROR:: [1;32m0.0000000000%[0m

------------------------------------------------------------------------------------------------

------------------------------------------------------------------------------------------------
				FFDIV enabled	@time 4135 ns

OPERAND_1st::  0_10010001_01101001001101001000000 (369874)
OPERAND_2nd::  0_10010011_01101001001101001000001 (1.4795e+06)

result:: 0_01111100_11111111111111111111110 ([1;31m0.25[0m)	@time 4235 ns
result:: 0_01111100_11111111111111111111111 ([1;34m0.25[0m)	(from calculator)
NaNF:: 0, OVF:: 0, INF:: 0, UF:: 0, ZF:: 0

NUMBER OF ITERATION NEEDED:: 6	(latency:: [1;32m11 cycles[0m)
PERCENT ERROR:: [1;32m0.0000059605%[0m

------------------------------------------------------------------------------------------------

------------------------------------------------------------------------------------------------
				FFDIV enabled	@time 4245 ns

OPERAND_1st::  1_01110100_10111110000001010011101 (-0.000850716)
OPERAND_2nd::  1_00101001_11111111111111111101111 (-2.58494e-26)

result:: 0_11001001_10111110000001010101100 ([1;31m3.29105e+22[0m)	@time 4315 ns
result:: 0_11001001_10111110000001010101100 ([1;34m3.29105e+22[0m)	(from calculator)
NaNF:: 0, OVF:: 0, INF:: 0, UF:: 0, ZF:: 0

NUMBER OF ITERATION NEEDED:: 3	(latency:: [1;32m8 cycles[0m)
PERCENT ERROR:: [1;32m0.0000000000%[0m

------------------------------------------------------------------------------------------------

------------------------------------------------------------------------------------------------
				FFDIV enabled	@time 4325 ns

OPERAND_1st::  0_10000100_10011110000001010011101 (51.7526)
OPERAND_2nd::  1_11101001_11111111111111111110111 (-1.62259e+32)

result:: 1_00011001_10011110000001010100100 ([1;31m-3.1895e-31[0m)	@time 4395 ns
result:: 1_00011001_10011110000001010100100 ([1;34m-3.1895e-31[0m)	(from calculator)
NaNF:: 0, OVF:: 0, INF:: 0, UF:: 0, ZF:: 0

NUMBER OF ITERATION NEEDED:: 3	(latency:: [1;32m8 cycles[0m)
PERCENT ERROR:: [1;32m0.0000000000%[0m

------------------------------------------------------------------------------------------------

------------------------------------------------------------------------------------------------
				FFDIV enabled	@time 4405 ns

OPERAND_1st::  0_10000101_00011110000001010011101 (71.5051)
OPERAND_2nd::  1_10000000_11111111111111111111011 (-4)

result:: 1_10000011_00011110000001010100000 ([1;31m-17.8763[0m)	@time 4475 ns
result:: 1_10000011_00011110000001010100000 ([1;34m-17.8763[0m)	(from calculator)
NaNF:: 0, OVF:: 0, INF:: 0, UF:: 0, ZF:: 0

NUMBER OF ITERATION NEEDED:: 3	(latency:: [1;32m8 cycles[0m)
PERCENT ERROR:: [1;32m0.0000000000%[0m

------------------------------------------------------------------------------------------------

------------------------------------------------------------------------------------------------
				FFDIV enabled	@time 4485 ns

OPERAND_1st::  0_11000101_00011110001001111011101 (1.31966e+21)
OPERAND_2nd::  0_10000001_11111111111111111111101 (8)

result:: 0_11000010_00011110001001111011110 ([1;31m1.64957e+20[0m)	@time 4555 ns
result:: 0_11000010_00011110001001111011111 ([1;34m1.64957e+20[0m)	(from calculator)
NaNF:: 0, OVF:: 0, INF:: 0, UF:: 0, ZF:: 0

NUMBER OF ITERATION NEEDED:: 3	(latency:: [1;32m8 cycles[0m)
PERCENT ERROR:: [1;32m0.0000106647%[0m

------------------------------------------------------------------------------------------------

------------------------------------------------------------------------------------------------
				FFDIV enabled	@time 4565 ns

OPERAND_1st::  0_11010111_01011110001101111011101 (4.23387e+26)
OPERAND_2nd::  1_10100111_11111111111111111111110 (-2.19902e+12)

result:: 1_10101110_01011110001101111011110 ([1;31m-1.92534e+14[0m)	@time 4635 ns
result:: 1_10101110_01011110001101111011110 ([1;34m-1.92534e+14[0m)	(from calculator)
NaNF:: 0, OVF:: 0, INF:: 0, UF:: 0, ZF:: 0

NUMBER OF ITERATION NEEDED:: 3	(latency:: [1;32m8 cycles[0m)
PERCENT ERROR:: [1;32m0.0000000000%[0m

------------------------------------------------------------------------------------------------

------------------------------------------------------------------------------------------------
				FFDIV enabled	@time 4645 ns

OPERAND_1st::  0_11000111_01111110001101111011101 (7.05067e+21)
OPERAND_2nd::  1_10100111_01111111111111111111110 (-1.64927e+12)

result:: 1_10011110_11111101100111111010100 ([1;31m-4.27503e+09[0m)	@time 4745 ns
result:: 1_10011110_11111101100111111010100 ([1;34m-4.27503e+09[0m)	(from calculator)
NaNF:: 0, OVF:: 0, INF:: 0, UF:: 0, ZF:: 0

NUMBER OF ITERATION NEEDED:: 6	(latency:: [1;32m11 cycles[0m)
PERCENT ERROR:: [1;32m0.0000000000%[0m

------------------------------------------------------------------------------------------------

------------------------------------------------------------------------------------------------
				FFDIV enabled	@time 4755 ns

OPERAND_1st::  0_11000111_01111110001101111011101 (7.05067e+21)
OPERAND_2nd::  1_10100111_00111111111111111111110 (-1.37439e+12)

result:: 1_10011111_00110001110001100011001 ([1;31m-5.13004e+09[0m)	@time 4865 ns
result:: 1_10011111_00110001110001100011001 ([1;34m-5.13004e+09[0m)	(from calculator)
NaNF:: 0, OVF:: 0, INF:: 0, UF:: 0, ZF:: 0

NUMBER OF ITERATION NEEDED:: 7	(latency:: [1;32m12 cycles[0m)
PERCENT ERROR:: [1;32m0.0000000000%[0m

------------------------------------------------------------------------------------------------

------------------------------------------------------------------------------------------------
				FFDIV enabled	@time 4875 ns

OPERAND_1st::  0_11000111_01010110001101111011101 (6.3128e+21)
OPERAND_2nd::  1_10100111_01000100100100000000000 (-1.39399e+12)

result:: 1_10011111_00001101111011001111010 ([1;31m-4.5286e+09[0m)	@time 4975 ns
result:: 1_10011111_00001101111011001111010 ([1;34m-4.5286e+09[0m)	(from calculator)
NaNF:: 0, OVF:: 0, INF:: 0, UF:: 0, ZF:: 0

NUMBER OF ITERATION NEEDED:: 6	(latency:: [1;32m11 cycles[0m)
PERCENT ERROR:: [1;32m0.0000000000%[0m

------------------------------------------------------------------------------------------------

***********Simulation Finished***********

Count_sum::         495
Count_run::          59
Average Latency:: [1;32m8.38983 cycles[0m

$finish called at time : 5 us : File "/home/ashuvo/Design/ffdiv_32bit_intf_proposed/tb/ffdiv_32bit_tb.sv" Line 168
exit
INFO: [Common 17-206] Exiting xsim at Sat Sep 14 22:59:11 2019...
